
RAxML-NG v. 1.1.0 released on 29.11.2021 by The Exelixis Lab.
Developed by: Alexey M. Kozlov and Alexandros Stamatakis.
Contributors: Diego Darriba, Tomas Flouri, Benoit Morel, Sarah Lutteropp, Ben Bettisworth.
Latest version: https://github.com/amkozlov/raxml-ng
Questions/problems/suggestions? Please visit: https://groups.google.com/forum/#!forum/raxml

System: Apple M1, 8 cores, 8 GB RAM

RAxML-NG was called at 30-Mar-2023 00:52:36 as follows:

./raxml-ng --check --msa pestis-pMT1-all-clustalw-trimal-raxml.fasta --model GTR+G

Analysis options:
  run mode: Alignment validation
  start tree(s): 
  random seed: 1680155556
  SIMD kernels: SSE3
  parallelization: coarse-grained (auto), PTHREADS (auto)

[00:00:00] Reading alignment from file: pestis-pMT1-all-clustalw-trimal-raxml.fasta
[00:00:00] Loaded alignment with 13 taxa and 210104 sites

NOTE: Reduced alignment (with duplicates and gap-only sites/taxa removed) 
NOTE: was saved to: /Users/rajvipatel/phylogenetics-final/data/raxml-ng_v1.1.0_macos_x86_64/pestis-pMT1-all-clustalw-trimal-raxml.fasta.raxml.reduced.phy

ERROR: Following taxon name contains invalid characters: NZ_CP045637.1 210104 bp
ERROR: Following taxon name contains invalid characters: NC_009596.1 210104 bp
ERROR: Following taxon name contains invalid characters: CP010248.1 210104 bp
ERROR: Following taxon name contains invalid characters: CP000306.1 210104 bp
ERROR: Following taxon name contains invalid characters: CP000309.1 210104 bp
ERROR: Following taxon name contains invalid characters: NC_003134.1 210104 bp
ERROR: Following taxon name contains invalid characters: NC_017155.1 210104 bp
ERROR: Following taxon name contains invalid characters: CP045159.1 210104 bp
ERROR: Following taxon name contains invalid characters: NC_014022.1 210104 bp
ERROR: Following taxon name contains invalid characters: NC_017266.1 210104 bp
ERROR: Following taxon name contains invalid characters: NZ_CP016275.1 210104 bp
ERROR: Following taxon name contains invalid characters: CP009714.1 210104 bp
ERROR: Following taxon name contains invalid characters: AE017045.1 210104 bp

NOTE: Following symbols are not allowed in taxa names to ensure Newick compatibility:
NOTE: " " (space), ";" (semicolon), ":" (colon), "," (comma), "()" (parentheses), "'" (quote). 
NOTE: Please either correct the names manually, or use the reduced alignment file
NOTE: generated by RAxML-NG (see above).

ERROR: Alignment check failed (see details above)!

