
RAxML-NG v. 1.1.0 released on 29.11.2021 by The Exelixis Lab.
Developed by: Alexey M. Kozlov and Alexandros Stamatakis.
Contributors: Diego Darriba, Tomas Flouri, Benoit Morel, Sarah Lutteropp, Ben Bettisworth.
Latest version: https://github.com/amkozlov/raxml-ng
Questions/problems/suggestions? Please visit: https://groups.google.com/forum/#!forum/raxml

System: Apple M1, 8 cores, 8 GB RAM

RAxML-NG was called at 30-Mar-2023 01:05:44 as follows:

./raxml-ng --parse --msa pestis-pMT1-all-clustalw-trimal-raxml.fasta.raxml.reduced.phy --model GTR+G

Analysis options:
  run mode: Alignment parsing and compression
  start tree(s): 
  random seed: 1680156344
  tip-inner: OFF
  pattern compression: ON
  per-rate scalers: OFF
  site repeats: ON
  branch lengths: proportional (ML estimate, algorithm: NR-FAST)
  SIMD kernels: SSE3
  parallelization: coarse-grained (auto), PTHREADS (auto)

[00:00:00] Reading alignment from file: pestis-pMT1-all-clustalw-trimal-raxml.fasta.raxml.reduced.phy
[00:00:00] Loaded alignment with 13 taxa and 210104 sites

Alignment comprises 1 partitions and 4025 patterns

Partition 0: noname
Model: GTR+FO+G4m
Alignment sites / patterns: 210104 / 4025
Gaps: 50.32 %
Invariant sites: 45.83 %


NOTE: Binary MSA file created: pestis-pMT1-all-clustalw-trimal-raxml.fasta.raxml.reduced.phy.raxml.rba


* Estimated memory requirements                : 12 MB

* Recommended number of threads / MPI processes: 8

Please note that numbers given above are rough estimates only. 
Actual memory consumption and parallel performance on your system may differ!

Alignment can be successfully read by RAxML-NG.


Execution log saved to: /Users/rajvipatel/phylogenetics-final/data/raxml-ng_v1.1.0_macos_x86_64/pestis-pMT1-all-clustalw-trimal-raxml.fasta.raxml.reduced.phy.raxml.log

Analysis started: 30-Mar-2023 01:05:44 / finished: 30-Mar-2023 01:05:44

Elapsed time: 0.066 seconds

