
RAxML-NG v. 1.1.0 released on 29.11.2021 by The Exelixis Lab.
Developed by: Alexey M. Kozlov and Alexandros Stamatakis.
Contributors: Diego Darriba, Tomas Flouri, Benoit Morel, Sarah Lutteropp, Ben Bettisworth.
Latest version: https://github.com/amkozlov/raxml-ng
Questions/problems/suggestions? Please visit: https://groups.google.com/forum/#!forum/raxml

System: Apple M1, 8 cores, 8 GB RAM

RAxML-NG was called at 30-Mar-2023 00:50:53 as follows:

./raxml-ng --msa pestis-pMT1-all-mafft-trimal-raxml.fasta.raxml.reduced.phy --model GTR+G --prefix T5 --threads 2 --search autoMRE=0.01

Analysis options:
  run mode: ML tree search
  start tree(s): random (10) + parsimony (10)
  random seed: 1680155453
  tip-inner: OFF
  pattern compression: ON
  per-rate scalers: OFF
  site repeats: ON
  fast spr radius: AUTO
  spr subtree cutoff: 1.000000
  branch lengths: proportional (ML estimate, algorithm: NR-FAST)
  SIMD kernels: SSE3
  parallelization: coarse-grained (auto), PTHREADS (2 threads), thread pinning: OFF

[00:00:00] Reading alignment from file: pestis-pMT1-all-mafft-trimal-raxml.fasta.raxml.reduced.phy
[00:00:00] Loaded alignment with 13 taxa and 263294 sites

Alignment comprises 1 partitions and 943 patterns

Partition 0: noname
Model: GTR+FO+G4m
Alignment sites / patterns: 263294 / 943
Gaps: 60.36 %
Invariant sites: 81.54 %


NOTE: Binary MSA file created: T5.raxml.rba

Parallelization scheme autoconfig: 2 worker(s) x 1 thread(s)

Parallel reduction/worker buffer size: 1 KB  / 0 KB

[00:00:00] Generating 10 random starting tree(s) with 13 taxa
[00:00:00] Generating 10 parsimony starting tree(s) with 13 taxa
[00:00:00] Data distribution: max. partitions/sites/weight per thread: 1 / 943 / 15088
[00:00:00] Data distribution: max. searches per worker: 10

Starting ML tree search with 20 distinct starting trees

[00:00:00 -894951.934038] Initial branch length optimization
[00:00:00 -738606.885740] Model parameter optimization (eps = 10.000000)
[00:00:00 -709017.060905] AUTODETECT spr round 1 (radius: 5)
[00:00:00 -562064.580033] AUTODETECT spr round 2 (radius: 10)
[00:00:00 -562064.576438] SPR radius for FAST iterations: 5 (autodetect)
[00:00:00 -562064.576438] Model parameter optimization (eps = 3.000000)
[00:00:00 -539439.160067] FAST spr round 1 (radius: 5)
[00:00:00 -538983.886419] FAST spr round 2 (radius: 5)
[00:00:00 -538983.886418] Model parameter optimization (eps = 1.000000)
[00:00:00 -538983.881180] SLOW spr round 1 (radius: 5)
[00:00:01 -538983.881180] SLOW spr round 2 (radius: 10)
[00:00:01 -538983.881180] Model parameter optimization (eps = 0.100000)

[00:00:01] [worker #0] ML tree search #1, logLikelihood: -538983.880494

[00:00:01 -851133.941309] Initial branch length optimization
[00:00:01 -685001.232632] Model parameter optimization (eps = 10.000000)
[00:00:01 -660370.201794] AUTODETECT spr round 1 (radius: 5)
[00:00:01 -561759.612886] AUTODETECT spr round 2 (radius: 10)
[00:00:01 -561759.612886] SPR radius for FAST iterations: 5 (autodetect)
[00:00:01 -561759.612886] Model parameter optimization (eps = 3.000000)
[00:00:01 -539121.542331] FAST spr round 1 (radius: 5)
[00:00:01 -538986.044251] FAST spr round 2 (radius: 5)
[00:00:01 -538983.907165] FAST spr round 3 (radius: 5)
[00:00:01 -538983.907165] Model parameter optimization (eps = 1.000000)
[00:00:01 -538983.880484] SLOW spr round 1 (radius: 5)
[00:00:02 -538983.880481] SLOW spr round 2 (radius: 10)
[00:00:02] [worker #1] ML tree search #2, logLikelihood: -538983.867828
[00:00:02 -538983.880481] Model parameter optimization (eps = 0.100000)

[00:00:02] [worker #0] ML tree search #3, logLikelihood: -538983.880413

[00:00:02 -896018.096014] Initial branch length optimization
[00:00:02 -735423.788275] Model parameter optimization (eps = 10.000000)
[00:00:02 -697903.499362] AUTODETECT spr round 1 (radius: 5)
[00:00:02 -551246.878345] AUTODETECT spr round 2 (radius: 10)
[00:00:02 -551218.540926] SPR radius for FAST iterations: 10 (autodetect)
[00:00:02 -551218.540926] Model parameter optimization (eps = 3.000000)
[00:00:03 -538984.284032] FAST spr round 1 (radius: 10)
[00:00:03 -538983.888128] FAST spr round 2 (radius: 10)
[00:00:03 -538983.888128] Model parameter optimization (eps = 1.000000)
[00:00:03 -538983.887910] SLOW spr round 1 (radius: 5)
[00:00:03 -538983.887910] SLOW spr round 2 (radius: 10)
[00:00:03 -538983.887910] Model parameter optimization (eps = 0.100000)

[00:00:03] [worker #0] ML tree search #5, logLikelihood: -538983.887902

[00:00:03 -785427.760143] Initial branch length optimization
[00:00:03 -612765.847427] Model parameter optimization (eps = 10.000000)
[00:00:04 -596844.160027] AUTODETECT spr round 1 (radius: 5)
[00:00:04 -573660.497318] AUTODETECT spr round 2 (radius: 10)
[00:00:04 -573660.478813] SPR radius for FAST iterations: 5 (autodetect)
[00:00:04 -573660.478813] Model parameter optimization (eps = 3.000000)
[00:00:05 -566125.739921] FAST spr round 1 (radius: 5)
[00:00:05 -566104.500512] FAST spr round 2 (radius: 5)
[00:00:05 -566104.456712] Model parameter optimization (eps = 1.000000)
[00:00:05 -566104.356524] SLOW spr round 1 (radius: 5)
[00:00:05] [worker #1] ML tree search #4, logLikelihood: -538983.876610
[00:00:06 -553518.623266] SLOW spr round 2 (radius: 5)
[00:00:06 -553517.000557] SLOW spr round 3 (radius: 5)
[00:00:07 -553516.999994] SLOW spr round 4 (radius: 10)
[00:00:07] [worker #1] ML tree search #6, logLikelihood: -538983.879209
[00:00:07 -553516.999893] Model parameter optimization (eps = 0.100000)

[00:00:08] [worker #0] ML tree search #7, logLikelihood: -539108.710931

[00:00:08 -864883.660410] Initial branch length optimization
[00:00:08 -703924.967444] Model parameter optimization (eps = 10.000000)
[00:00:08] [worker #1] ML tree search #8, logLikelihood: -538983.878991
[00:00:08 -673939.295414] AUTODETECT spr round 1 (radius: 5)
[00:00:08 -584472.611824] AUTODETECT spr round 2 (radius: 10)
[00:00:08 -584472.564697] SPR radius for FAST iterations: 5 (autodetect)
[00:00:08 -584472.564697] Model parameter optimization (eps = 3.000000)
[00:00:09 -539433.293606] FAST spr round 1 (radius: 5)
[00:00:09 -538983.875181] FAST spr round 2 (radius: 5)
[00:00:09 -538983.875181] Model parameter optimization (eps = 1.000000)
[00:00:09 -538983.867590] SLOW spr round 1 (radius: 5)
[00:00:09] [worker #1] ML tree search #10, logLikelihood: -538983.884822
[00:00:09 -538983.867590] SLOW spr round 2 (radius: 10)
[00:00:10 -538983.867590] Model parameter optimization (eps = 0.100000)

[00:00:10] [worker #0] ML tree search #9, logLikelihood: -538983.865287

[00:00:10 -685329.356658] Initial branch length optimization
[00:00:10 -553489.980462] Model parameter optimization (eps = 10.000000)
[00:00:10 -546441.826076] AUTODETECT spr round 1 (radius: 5)
[00:00:10 -539204.216317] AUTODETECT spr round 2 (radius: 10)
[00:00:10 -539204.216163] SPR radius for FAST iterations: 5 (autodetect)
[00:00:10 -539204.216163] Model parameter optimization (eps = 3.000000)
[00:00:10 -539203.236670] FAST spr round 1 (radius: 5)
[00:00:10 -538983.897455] FAST spr round 2 (radius: 5)
[00:00:10 -538983.897455] Model parameter optimization (eps = 1.000000)
[00:00:10 -538983.879192] SLOW spr round 1 (radius: 5)
[00:00:10] [worker #1] ML tree search #12, logLikelihood: -538983.879009
[00:00:10 -538983.879191] SLOW spr round 2 (radius: 10)
[00:00:11 -538983.879191] Model parameter optimization (eps = 0.100000)

[00:00:11] [worker #0] ML tree search #11, logLikelihood: -538983.879014

[00:00:11 -686807.393512] Initial branch length optimization
[00:00:11 -553488.837434] Model parameter optimization (eps = 10.000000)
[00:00:11 -546441.799870] AUTODETECT spr round 1 (radius: 5)
[00:00:11 -539204.386449] AUTODETECT spr round 2 (radius: 10)
[00:00:11 -539204.386258] SPR radius for FAST iterations: 5 (autodetect)
[00:00:11 -539204.386258] Model parameter optimization (eps = 3.000000)
[00:00:11 -539203.415025] FAST spr round 1 (radius: 5)
[00:00:11 -538983.897468] FAST spr round 2 (radius: 5)
[00:00:11 -538983.897466] Model parameter optimization (eps = 1.000000)
[00:00:11 -538983.879159] SLOW spr round 1 (radius: 5)
[00:00:11 -538983.879159] SLOW spr round 2 (radius: 10)
[00:00:11] [worker #1] ML tree search #14, logLikelihood: -538983.878831
[00:00:12 -538983.879159] Model parameter optimization (eps = 0.100000)

[00:00:12] [worker #0] ML tree search #13, logLikelihood: -538983.879012

[00:00:12 -685329.356658] Initial branch length optimization
[00:00:12 -553490.014044] Model parameter optimization (eps = 10.000000)
[00:00:12 -546441.826124] AUTODETECT spr round 1 (radius: 5)
[00:00:12 -539204.217143] AUTODETECT spr round 2 (radius: 10)
[00:00:12 -539204.216205] SPR radius for FAST iterations: 5 (autodetect)
[00:00:12 -539204.216205] Model parameter optimization (eps = 3.000000)
[00:00:12 -539203.236678] FAST spr round 1 (radius: 5)
[00:00:12 -538983.897482] FAST spr round 2 (radius: 5)
[00:00:12 -538983.897482] Model parameter optimization (eps = 1.000000)
[00:00:12 -538983.879193] SLOW spr round 1 (radius: 5)
[00:00:12 -538983.879193] SLOW spr round 2 (radius: 10)
[00:00:12 -538983.879193] Model parameter optimization (eps = 0.100000)

[00:00:13] [worker #0] ML tree search #15, logLikelihood: -538983.879015

[00:00:13 -688870.248841] Initial branch length optimization
[00:00:13 -553497.241800] Model parameter optimization (eps = 10.000000)
[00:00:13] [worker #1] ML tree search #16, logLikelihood: -538983.880075
[00:00:13 -546449.656496] AUTODETECT spr round 1 (radius: 5)
[00:00:13 -539204.407621] AUTODETECT spr round 2 (radius: 10)
[00:00:13 -539204.407592] SPR radius for FAST iterations: 5 (autodetect)
[00:00:13 -539204.407592] Model parameter optimization (eps = 3.000000)
[00:00:13 -539203.414897] FAST spr round 1 (radius: 5)
[00:00:13 -538983.897137] FAST spr round 2 (radius: 5)
[00:00:13 -538983.897135] Model parameter optimization (eps = 1.000000)
[00:00:13 -538983.879281] SLOW spr round 1 (radius: 5)
[00:00:13 -538983.879280] SLOW spr round 2 (radius: 10)
[00:00:13 -538983.879280] Model parameter optimization (eps = 0.100000)

[00:00:14] [worker #0] ML tree search #17, logLikelihood: -538983.879065

[00:00:14 -685336.239659] Initial branch length optimization
[00:00:14 -553497.227883] Model parameter optimization (eps = 10.000000)
[00:00:14 -546449.612437] AUTODETECT spr round 1 (radius: 5)
[00:00:14 -538984.646612] AUTODETECT spr round 2 (radius: 10)
[00:00:14 -538984.645067] SPR radius for FAST iterations: 5 (autodetect)
[00:00:14 -538984.645067] Model parameter optimization (eps = 3.000000)
[00:00:14 -538983.879728] FAST spr round 1 (radius: 5)
[00:00:14 -538983.879723] Model parameter optimization (eps = 1.000000)
[00:00:14 -538983.879144] SLOW spr round 1 (radius: 5)
[00:00:14] [worker #1] ML tree search #18, logLikelihood: -538983.882567
[00:00:14 -538983.879144] SLOW spr round 2 (radius: 10)
[00:00:14 -538983.879144] Model parameter optimization (eps = 0.100000)

[00:00:14] [worker #0] ML tree search #19, logLikelihood: -538983.879060

[00:00:15] [worker #1] ML tree search #20, logLikelihood: -538983.890423

Optimized model parameters:

   Partition 0: noname
   Rate heterogeneity: GAMMA (4 cats, mean),  alpha: 99.898713 (ML),  weights&rates: (0.250000,0.875844) (0.250000,0.964720) (0.250000,1.029563) (0.250000,1.129873) 
   Base frequencies (ML): 0.246596 0.252068 0.252783 0.248554 
   Substitution rates (ML): 1.010956 2.656257 1.014338 0.999684 2.503950 1.000000 


Final LogLikelihood: -538983.865287

AIC score: 1078031.730575 / AICc score: 1078031.738597 / BIC score: 1078367.123425
Free parameters (model + branch lengths): 32

WARNING: Best ML tree contains 2 near-zero branches!

Best ML tree with collapsed near-zero branches saved to: /Users/rajvipatel/phylogenetics-final/data/raxml-ng_v1.1.0_macos_x86_64/T5.raxml.bestTreeCollapsed
Best ML tree saved to: /Users/rajvipatel/phylogenetics-final/data/raxml-ng_v1.1.0_macos_x86_64/T5.raxml.bestTree
All ML trees saved to: /Users/rajvipatel/phylogenetics-final/data/raxml-ng_v1.1.0_macos_x86_64/T5.raxml.mlTrees
Optimized model saved to: /Users/rajvipatel/phylogenetics-final/data/raxml-ng_v1.1.0_macos_x86_64/T5.raxml.bestModel

Execution log saved to: /Users/rajvipatel/phylogenetics-final/data/raxml-ng_v1.1.0_macos_x86_64/T5.raxml.log

Analysis started: 30-Mar-2023 00:50:53 / finished: 30-Mar-2023 00:51:09

Elapsed time: 15.563 seconds

