IQ-TREE multicore version 2.2.0 COVID-edition for Mac OS X 64-bit built Jun  1 2022
Developed by Bui Quang Minh, James Barbetti, Nguyen Lam Tung,
Olga Chernomor, Heiko Schmidt, Dominik Schrempf, Michael Woodhams, Ly Trong Nhan.

Host:    Rajvis-MacBook-Air.local (SSE4.2, 8 GB RAM)
Command: bin/iqtree2 -s example.phy
Seed:    437354 (Using SPRNG - Scalable Parallel Random Number Generator)
Time:    Thu Mar 23 13:43:02 2023
Kernel:  SSE2 - 1 threads (8 CPU cores detected)

HINT: Use -nt option to specify number of threads because your CPU has 8 cores!
HINT: -nt AUTO will automatically determine the best number of threads to use.

Reading alignment file example.phy ... Phylip format detected
Alignment most likely contains DNA/RNA sequences
Constructing alignment: done in 0.00289512 secs using 76.4% CPU
Alignment has 17 sequences with 1998 columns, 1152 distinct patterns
1009 parsimony-informative, 303 singleton sites, 686 constant sites
           Gap/Ambiguity  Composition  p-value
Analyzing sequences: done in 6.10352e-05 secs using 93.39% CPU
   1  LngfishAu    0.15%    passed      6.20%
   2  LngfishSA    0.00%    failed      0.62%
   3  LngfishAf    0.05%    failed      1.60%
   4  Frog         0.05%    passed     58.01%
   5  Turtle       0.15%    passed     44.25%
   6  Sphenodon    0.10%    passed     59.78%
   7  Lizard       0.90%    passed     38.67%
   8  Crocodile    0.35%    failed      2.51%
   9  Bird         0.00%    failed      0.00%
  10  Human        0.00%    failed      0.85%
  11  Seal         0.00%    passed     68.93%
  12  Cow          0.00%    passed     59.11%
  13  Whale        0.00%    passed     97.83%
  14  Mouse        0.05%    failed      1.43%
  15  Rat          0.00%    passed     39.69%
  16  Platypus     0.00%    failed      3.46%
  17  Opossum      0.00%    failed      0.01%
****  TOTAL        0.11%  8 sequences failed composition chi2 test (p-value<5%; df=3)
Checking for duplicate sequences: done in 9.60827e-05 secs using 89.51% CPU


Create initial parsimony tree by phylogenetic likelihood library (PLL)... 0.002 seconds
Perform fast likelihood tree search using GTR+I+G model...
Estimate model parameters (epsilon = 5.000)
Perform nearest neighbor interchange...
Optimizing NNI: done in 0.031635 secs using 99.06% CPU
Estimate model parameters (epsilon = 1.000)
1. Initial log-likelihood: -21149.206
Optimal log-likelihood: -21149.084
Rate parameters:  A-C: 3.74122  A-G: 5.20675  A-T: 3.87495  C-G: 0.42428  C-T: 15.34724  G-T: 1.00000
Base frequencies:  A: 0.355  C: 0.228  G: 0.192  T: 0.225
Proportion of invariable sites: 0.157
Gamma shape alpha: 0.740
Parameters optimization took 1 rounds (0.022 sec)
Time for fast ML tree search: 0.271 seconds

NOTE: ModelFinder requires 6 MB RAM!
ModelFinder will test up to 484 DNA models (sample size: 1998) ...
 No. Model         -LnL         df  AIC          AICc         BIC
  1  GTR+F         22701.459    39  45480.919    45482.512    45699.315
  2  GTR+F+I       21615.547    40  43311.095    43312.771    43535.091
  3  GTR+F+G4      21155.969    40  42391.937    42393.613    42615.933
  4  GTR+F+I+G4    21148.848    41  42379.696    42381.456    42609.292
  5  GTR+F+R2      21235.664    41  42553.328    42555.088    42782.924
  6  GTR+F+R3      21147.208    43  42380.415    42382.352    42621.211
  7  GTR+F+R4      21145.839    45  42381.677    42383.798    42633.673
 14  GTR+F+I+I+R2  21174.481    42  42432.962    42434.809    42668.158
 15  GTR+F+I+I+R3  21146.623    44  42381.246    42383.273    42627.641
 16  GTR+F+I+I+R4  21146.279    46  42384.558    42386.774    42642.153
 25  SYM+G4        21317.780    37  42709.561    42710.996    42916.757
 26  SYM+I+G4      21306.170    38  42688.340    42689.854    42901.137
 47  TVM+F+G4      21300.237    39  42678.474    42680.067    42896.870
 48  TVM+F+I+G4    21288.271    40  42656.541    42658.217    42880.537
 69  TVMe+G4       21422.187    36  42916.374    42917.732    43117.970
 70  TVMe+I+G4     21407.601    37  42889.202    42890.637    43096.398
 91  TIM3+F+G4     21367.926    38  42811.853    42813.366    43024.649
 92  TIM3+F+I+G4   21359.480    39  42796.960    42798.553    43015.356
113  TIM3e+G4      21717.462    35  43504.924    43506.208    43700.920
114  TIM3e+I+G4    21708.566    36  43489.131    43490.490    43690.728
135  TIM2+F+G4     21159.705    38  42395.410    42396.923    42608.206
136  TIM2+F+I+G4   21152.488    39  42382.976    42384.570    42601.372
157  TIM2e+G4      21320.880    35  42711.760    42713.045    42907.757
158  TIM2e+I+G4    21309.127    36  42690.254    42691.613    42891.851
179  TIM+F+G4      21368.783    38  42813.565    42815.078    43026.361
180  TIM+F+I+G4    21360.243    39  42798.486    42800.080    43016.882
201  TIMe+G4       21718.131    35  43506.262    43507.546    43702.258
202  TIMe+I+G4     21709.220    36  43490.440    43491.798    43692.036
223  TPM3u+F+G4    21488.893    37  43051.785    43053.220    43258.982
224  TPM3u+F+I+G4  21474.934    38  43025.868    43027.381    43238.664
245  TPM3+G4       21847.239    34  43762.478    43763.690    43952.875
246  TPM3+I+G4     21833.460    35  43736.920    43738.204    43932.916
267  TPM2u+F+G4    21303.797    37  42681.595    42683.029    42888.791
268  TPM2u+F+I+G4  21291.866    38  42659.733    42661.246    42872.529
289  TPM2+G4       21424.733    34  42917.467    42918.679    43107.863
290  TPM2+I+G4     21410.280    35  42890.560    42891.844    43086.556
311  K3Pu+F+G4     21489.348    37  43052.696    43054.130    43259.892
312  K3Pu+F+I+G4   21475.430    38  43026.859    43028.372    43239.656
333  K3P+G4        21847.491    34  43762.981    43764.193    43953.378
334  K3P+I+G4      21833.794    35  43737.588    43738.873    43933.585
355  TN+F+G4       21369.048    37  42812.096    42813.531    43019.292
356  TN+F+I+G4     21360.518    38  42797.036    42798.549    43009.832
377  TNe+G4        21718.201    34  43504.402    43505.615    43694.799
378  TNe+I+G4      21709.280    35  43488.560    43489.844    43684.556
399  HKY+F+G4      21489.737    36  43051.474    43052.833    43253.071
400  HKY+F+I+G4    21475.767    37  43025.534    43026.968    43232.730
421  K2P+G4        21847.675    33  43761.349    43762.492    43946.146
422  K2P+I+G4      21833.948    34  43735.895    43737.108    43926.292
443  F81+F+G4      22031.578    35  44133.155    44134.440    44329.152
444  F81+F+I+G4    22019.574    36  44111.149    44112.507    44312.745
465  JC+G4         22258.086    32  44580.172    44581.246    44759.368
466  JC+I+G4       22245.552    33  44557.104    44558.246    44741.900
Akaike Information Criterion:           GTR+F+I+G4
Corrected Akaike Information Criterion: GTR+F+I+G4
Bayesian Information Criterion:         TIM2+F+I+G4
Best-fit model: TIM2+F+I+G4 chosen according to BIC

All model information printed to example.phy.model.gz
CPU time for ModelFinder: 5.325 seconds (0h:0m:5s)
Wall-clock time for ModelFinder: 5.358 seconds (0h:0m:5s)

NOTE: 2 MB RAM (0 GB) is required!
Estimate model parameters (epsilon = 0.100)
Thoroughly optimizing +I+G parameters from 10 start values...
Init pinv, alpha: 0.000, 0.738 / Estimate: 0.000, 0.483 / LogL: -21159.748
Init pinv, alpha: 0.038, 0.738 / Estimate: 0.043, 0.532 / LogL: -21156.977
Init pinv, alpha: 0.076, 0.738 / Estimate: 0.085, 0.592 / LogL: -21154.641
Init pinv, alpha: 0.114, 0.738 / Estimate: 0.120, 0.654 / LogL: -21153.215
Init pinv, alpha: 0.153, 0.738 / Estimate: 0.153, 0.726 / LogL: -21152.514
Init pinv, alpha: 0.191, 0.738 / Estimate: 0.183, 0.803 / LogL: -21152.778
Init pinv, alpha: 0.229, 0.738 / Estimate: 0.185, 0.810 / LogL: -21152.836
Init pinv, alpha: 0.267, 0.738 / Estimate: 0.186, 0.813 / LogL: -21152.863
Init pinv, alpha: 0.305, 0.738 / Estimate: 0.186, 0.813 / LogL: -21152.876
Init pinv, alpha: 0.343, 0.738 / Estimate: 0.187, 0.816 / LogL: -21152.903
Optimal pinv,alpha: 0.153, 0.726 / LogL: -21152.514

Parameters optimization took 1.066 sec
Wrote distance file to... 
Computing ML distances based on estimated model parameters...
Calculating distance matrix: done in 0.00106812 secs using 67.03% CPU
Computing ML distances took 0.001179 sec (of wall-clock time) 0.000817 sec (of CPU time)
Setting up auxiliary I and S matrices: done in 2.40803e-05 secs using 108% CPU
Constructing RapidNJ tree: done in 4.41074e-05 secs using 167.8% CPU
Computing RapidNJ tree took 0.000109 sec (of wall-clock time) 0.000153 sec (of CPU time)
Log-likelihood of RapidNJ tree: -21161.696
--------------------------------------------------------------------
|             INITIALIZING CANDIDATE TREE SET                      |
--------------------------------------------------------------------
Generating 98 parsimony trees... 0.133 second
Computing log-likelihood of 98 initial trees ... 0.326 seconds
Current best score: -21152.514

Do NNI search on 20 best initial trees
Optimizing NNI: done in 0.012207 secs using 99.72% CPU
Estimate model parameters (epsilon = 0.100)
BETTER TREE FOUND at iteration 1: -21152.510
Optimizing NNI: done in 0.01877 secs using 99.86% CPU
Optimizing NNI: done in 0.0318291 secs using 99.83% CPU
Optimizing NNI: done in 0.0260661 secs using 99.74% CPU
Optimizing NNI: done in 0.0302348 secs using 99.56% CPU
Optimizing NNI: done in 0.033823 secs using 99.73% CPU
Optimizing NNI: done in 0.0402298 secs using 98.93% CPU
Optimizing NNI: done in 0.0399671 secs using 98.98% CPU
Optimizing NNI: done in 0.0357401 secs using 99.45% CPU
Optimizing NNI: done in 0.043642 secs using 99.99% CPU
Iteration 10 / LogL: -21152.536 / Time: 0h:0m:1s
Optimizing NNI: done in 0.0374851 secs using 99.76% CPU
Optimizing NNI: done in 0.0397289 secs using 99.91% CPU
Optimizing NNI: done in 0.045958 secs using 99.85% CPU
Optimizing NNI: done in 0.0344031 secs using 99.97% CPU
Optimizing NNI: done in 0.0384672 secs using 99.67% CPU
Optimizing NNI: done in 0.040477 secs using 99.8% CPU
Optimizing NNI: done in 0.048614 secs using 99.74% CPU
Optimizing NNI: done in 0.0356939 secs using 99.66% CPU
Optimizing NNI: done in 0.0364811 secs using 99.72% CPU
Optimizing NNI: done in 0.0480852 secs using 99.86% CPU
Iteration 20 / LogL: -21152.598 / Time: 0h:0m:2s
Finish initializing candidate tree set (2)
Current best tree score: -21152.510 / CPU time: 1.205
Number of iterations: 20
--------------------------------------------------------------------
|               OPTIMIZING CANDIDATE TREE SET                      |
--------------------------------------------------------------------
Optimizing NNI: done in 0.05002 secs using 99.94% CPU
Optimizing NNI: done in 0.033138 secs using 99.97% CPU
Optimizing NNI: done in 0.0365131 secs using 99.96% CPU
Optimizing NNI: done in 0.047667 secs using 99.86% CPU
Optimizing NNI: done in 0.0308959 secs using 99.8% CPU
Optimizing NNI: done in 0.040108 secs using 99.38% CPU
Optimizing NNI: done in 0.0356801 secs using 99.41% CPU
Optimizing NNI: done in 0.0505579 secs using 99.36% CPU
Optimizing NNI: done in 0.0330629 secs using 99.41% CPU
Optimizing NNI: done in 0.0418301 secs using 98.96% CPU
Iteration 30 / LogL: -21152.521 / Time: 0h:0m:2s (0h:0m:6s left)
Optimizing NNI: done in 0.0359099 secs using 99.3% CPU
Optimizing NNI: done in 0.0507081 secs using 99.72% CPU
Optimizing NNI: done in 0.0337181 secs using 99.63% CPU
Optimizing NNI: done in 0.038645 secs using 99.59% CPU
Optimizing NNI: done in 0.0453129 secs using 99.83% CPU
Optimizing NNI: done in 0.017556 secs using 98.88% CPU
Optimizing NNI: done in 0.0483379 secs using 99.8% CPU
Optimizing NNI: done in 0.0270381 secs using 99.76% CPU
Optimizing NNI: done in 0.039135 secs using 99.64% CPU
Optimizing NNI: done in 0.025727 secs using 99.8% CPU
Iteration 40 / LogL: -21158.086 / Time: 0h:0m:3s (0h:0m:4s left)
Optimizing NNI: done in 0.054297 secs using 99.7% CPU
Optimizing NNI: done in 0.0356698 secs using 99.53% CPU
Optimizing NNI: done in 0.0489771 secs using 99.29% CPU
Optimizing NNI: done in 0.0271921 secs using 99.55% CPU
Optimizing NNI: done in 0.0561199 secs using 96.93% CPU
Optimizing NNI: done in 0.0272171 secs using 99.51% CPU
Optimizing NNI: done in 0.0276392 secs using 99.8% CPU
Optimizing NNI: done in 0.0407698 secs using 99.89% CPU
Optimizing NNI: done in 0.060698 secs using 99.66% CPU
Optimizing NNI: done in 0.026582 secs using 99.46% CPU
Iteration 50 / LogL: -21158.179 / Time: 0h:0m:3s (0h:0m:3s left)
Optimizing NNI: done in 0.0523798 secs using 99.71% CPU
Optimizing NNI: done in 0.0387671 secs using 99.63% CPU
Optimizing NNI: done in 0.0386088 secs using 99.92% CPU
Optimizing NNI: done in 0.0331089 secs using 99.83% CPU
Optimizing NNI: done in 0.051075 secs using 99.69% CPU
Optimizing NNI: done in 0.0592039 secs using 99.58% CPU
Optimizing NNI: done in 0.0399499 secs using 99.77% CPU
Optimizing NNI: done in 0.0607421 secs using 99.84% CPU
Optimizing NNI: done in 0.012027 secs using 99.96% CPU
UPDATE BEST LOG-LIKELIHOOD: -21152.510
Optimizing NNI: done in 0.0618951 secs using 99.89% CPU
Iteration 60 / LogL: -21152.563 / Time: 0h:0m:3s (0h:0m:2s left)
Optimizing NNI: done in 0.0415521 secs using 99.8% CPU
Optimizing NNI: done in 0.025558 secs using 99.77% CPU
Optimizing NNI: done in 0.0504229 secs using 99.28% CPU
Optimizing NNI: done in 0.046685 secs using 99.02% CPU
Optimizing NNI: done in 0.051173 secs using 99.41% CPU
Optimizing NNI: done in 0.0517139 secs using 99.23% CPU
Optimizing NNI: done in 0.050051 secs using 99.39% CPU
Optimizing NNI: done in 0.0406408 secs using 98.89% CPU
Optimizing NNI: done in 0.059567 secs using 99.33% CPU
Optimizing NNI: done in 0.0486622 secs using 98.67% CPU
Iteration 70 / LogL: -21152.539 / Time: 0h:0m:4s (0h:0m:1s left)
Optimizing NNI: done in 0.0286269 secs using 98.81% CPU
Optimizing NNI: done in 0.027981 secs using 98.88% CPU
Optimizing NNI: done in 0.038991 secs using 98.38% CPU
Optimizing NNI: done in 0.0407701 secs using 99.37% CPU
Optimizing NNI: done in 0.0391719 secs using 99.19% CPU
Optimizing NNI: done in 0.0472531 secs using 99.23% CPU
Optimizing NNI: done in 0.0407209 secs using 99.06% CPU
Optimizing NNI: done in 0.0373771 secs using 99.14% CPU
Optimizing NNI: done in 0.0377669 secs using 98.94% CPU
Optimizing NNI: done in 0.0412061 secs using 99.12% CPU
Iteration 80 / LogL: -21152.624 / Time: 0h:0m:4s (0h:0m:1s left)
Optimizing NNI: done in 0.039849 secs using 99.24% CPU
Optimizing NNI: done in 0.0349569 secs using 98.83% CPU
Optimizing NNI: done in 0.0351269 secs using 99.04% CPU
Optimizing NNI: done in 0.0485899 secs using 99.45% CPU
Optimizing NNI: done in 0.0604858 secs using 99.2% CPU
Optimizing NNI: done in 0.0346501 secs using 99.64% CPU
Optimizing NNI: done in 0.0436919 secs using 98.79% CPU
Optimizing NNI: done in 0.0521162 secs using 99.38% CPU
Optimizing NNI: done in 0.0740719 secs using 99.62% CPU
Optimizing NNI: done in 0.033222 secs using 99.29% CPU
Iteration 90 / LogL: -21152.583 / Time: 0h:0m:5s (0h:0m:0s left)
Optimizing NNI: done in 0.035604 secs using 99.33% CPU
Optimizing NNI: done in 0.0528219 secs using 99.56% CPU
Optimizing NNI: done in 0.044292 secs using 99.81% CPU
Optimizing NNI: done in 0.031137 secs using 99.95% CPU
Optimizing NNI: done in 0.0377231 secs using 99.86% CPU
Optimizing NNI: done in 0.049087 secs using 99.6% CPU
Optimizing NNI: done in 0.0324471 secs using 99.55% CPU
Optimizing NNI: done in 0.0459392 secs using 99.5% CPU
Optimizing NNI: done in 0.0379481 secs using 99.59% CPU
Optimizing NNI: done in 0.0489678 secs using 99.56% CPU
Iteration 100 / LogL: -21152.539 / Time: 0h:0m:5s (0h:0m:0s left)
Optimizing NNI: done in 0.0249729 secs using 99.66% CPU
Optimizing NNI: done in 0.0335121 secs using 98.88% CPU
TREE SEARCH COMPLETED AFTER 102 ITERATIONS / Time: 0h:0m:5s

--------------------------------------------------------------------
|                    FINALIZING TREE SEARCH                        |
--------------------------------------------------------------------
Performs final model parameters optimization
Estimate model parameters (epsilon = 0.010)
1. Initial log-likelihood: -21152.510
Optimal log-likelihood: -21152.506
Rate parameters:  A-C: 5.71262  A-G: 7.80712  A-T: 5.71262  C-G: 1.00000  C-T: 23.18144  G-T: 1.00000
Base frequencies:  A: 0.355  C: 0.228  G: 0.192  T: 0.225
Proportion of invariable sites: 0.154
Gamma shape alpha: 0.728
Parameters optimization took 1 rounds (0.012 sec)
BEST SCORE FOUND : -21152.506
Total tree length: 4.226

Total number of iterations: 102
CPU time used for tree search: 4.823 sec (0h:0m:4s)
Wall-clock time used for tree search: 4.673 sec (0h:0m:4s)
Total CPU time used: 5.943 sec (0h:0m:5s)
Total wall-clock time used: 5.783 sec (0h:0m:5s)

Analysis results written to: 
  IQ-TREE report:                example.phy.iqtree
  Maximum-likelihood tree:       example.phy.treefile
  Likelihood distances:          example.phy.mldist
  Screen log file:               example.phy.log

ALISIM COMMAND
--------------
--alisim simulated_MSA -t example.phy.treefile -m "TIM2{5.71262,7.80712,23.1814}+F{0.354671,0.228235,0.191925,0.225169}+I{0.154206}+G4{0.728157}" --length 1998

Date and Time: Thu Mar 23 13:43:13 2023
