IQ-TREE multicore version 2.2.0 COVID-edition for Mac OS X 64-bit built Jun  1 2022
Developed by Bui Quang Minh, James Barbetti, Nguyen Lam Tung,
Olga Chernomor, Heiko Schmidt, Dominik Schrempf, Michael Woodhams, Ly Trong Nhan.

Host:    Rajvis-Air.lan (SSE4.2, 8 GB RAM)
Command: bin/iqtree2 -s pestis-pMT1-all-clustalw-trimal-iqtree.fasta
Seed:    35892 (Using SPRNG - Scalable Parallel Random Number Generator)
Time:    Thu Mar 30 01:09:47 2023
Kernel:  SSE2 - 1 threads (8 CPU cores detected)

HINT: Use -nt option to specify number of threads because your CPU has 8 cores!
HINT: -nt AUTO will automatically determine the best number of threads to use.

Reading alignment file pestis-pMT1-all-clustalw-trimal-iqtree.fasta ... Fasta format detected
Reading fasta file: done in 0.143228 secs using 96.97% CPU
Alignment most likely contains DNA/RNA sequences
Constructing alignment: done in 0.109279 secs using 73.53% CPU
Alignment has 13 sequences with 210104 columns, 4025 distinct patterns
54162 parsimony-informative, 59652 singleton sites, 96290 constant sites
               Gap/Ambiguity  Composition  p-value
Analyzing sequences: done in 9.10759e-05 secs using 97.72% CPU
   1  AE017045.1      49.24%    failed      0.00%
   2  NC_017266.1     52.74%    failed      0.00%
   3  NC_003134.1     54.21%    failed      5.00%
   4  CP045159.1      51.60%    failed      0.00%
   5  CP000309.1      54.08%    failed      0.00%
   6  NC_014022.1     55.14%    failed      0.00%
   7  CP000306.1      51.97%    failed      0.00%
   8  NC_017155.1     55.14%    failed      0.00%
   9  CP010248.1      34.85%    failed      0.00%
  10  CP009714.1      34.80%    failed      0.00%
  11  NZ_CP016275.1   54.21%    failed      0.00%
  12  NC_009596.1     54.21%    failed      0.00%
  13  NZ_CP045637.1   51.97%    failed      0.00%
WARNING: 10 sequences contain more than 50% gaps/ambiguity
****  TOTAL           50.32%  13 sequences failed composition chi2 test (p-value<5%; df=3)
NOTE: minimal branch length is reduced to 0.000000475955 for long alignment
Checking for duplicate sequences: done in 0.000115156 secs using 94.65% CPU


Create initial parsimony tree by phylogenetic likelihood library (PLL)... 0.018 seconds
Perform fast likelihood tree search using GTR+I+G model...
Estimate model parameters (epsilon = 5.000)
Perform nearest neighbor interchange...
Optimizing NNI: done in 0.0808599 secs using 99.58% CPU
Estimate model parameters (epsilon = 1.000)
1. Initial log-likelihood: -703967.223
2. Current log-likelihood: -703962.624
3. Current log-likelihood: -703958.198
4. Current log-likelihood: -703953.938
5. Current log-likelihood: -703949.839
6. Current log-likelihood: -703945.883
7. Current log-likelihood: -703942.065
8. Current log-likelihood: -703938.381
9. Current log-likelihood: -703934.818
10. Current log-likelihood: -703931.371
11. Current log-likelihood: -703928.037
12. Current log-likelihood: -703924.805
13. Current log-likelihood: -703921.671
14. Current log-likelihood: -703918.635
15. Current log-likelihood: -703915.686
16. Current log-likelihood: -703912.821
17. Current log-likelihood: -703910.042
18. Current log-likelihood: -703907.336
19. Current log-likelihood: -703904.795
20. Current log-likelihood: -703902.195
21. Current log-likelihood: -703899.700
22. Current log-likelihood: -703897.271
23. Current log-likelihood: -703894.907
24. Current log-likelihood: -703892.601
25. Current log-likelihood: -703890.429
26. Current log-likelihood: -703888.203
27. Current log-likelihood: -703886.132
28. Current log-likelihood: -703884.009
29. Current log-likelihood: -703881.968
30. Current log-likelihood: -703879.975
31. Current log-likelihood: -703878.028
32. Current log-likelihood: -703876.127
33. Current log-likelihood: -703874.267
34. Current log-likelihood: -703872.449
35. Current log-likelihood: -703870.731
36. Current log-likelihood: -703868.965
37. Current log-likelihood: -703867.262
38. Current log-likelihood: -703865.596
39. Current log-likelihood: -703863.967
40. Current log-likelihood: -703862.371
41. Current log-likelihood: -703860.809
42. Current log-likelihood: -703859.279
43. Current log-likelihood: -703857.781
44. Current log-likelihood: -703856.313
45. Current log-likelihood: -703854.875
46. Current log-likelihood: -703853.466
47. Current log-likelihood: -703852.085
48. Current log-likelihood: -703850.731
49. Current log-likelihood: -703849.403
50. Current log-likelihood: -703848.102
51. Current log-likelihood: -703846.826
52. Current log-likelihood: -703845.575
53. Current log-likelihood: -703844.348
54. Current log-likelihood: -703843.144
55. Current log-likelihood: -703841.963
56. Current log-likelihood: -703840.805
57. Current log-likelihood: -703839.668
58. Current log-likelihood: -703838.552
59. Current log-likelihood: -703837.457
60. Current log-likelihood: -703836.383
61. Current log-likelihood: -703835.328
62. Current log-likelihood: -703834.291
63. Current log-likelihood: -703833.271
64. Current log-likelihood: -703832.268
Optimal log-likelihood: -703831.280
Rate parameters:  A-C: 1.00627  A-G: 2.02184  A-T: 1.01964  C-G: 0.95392  C-T: 1.66302  G-T: 1.00000
Base frequencies:  A: 0.241  C: 0.256  G: 0.250  T: 0.253
Proportion of invariable sites: 0.016
Gamma shape alpha: 0.466
Parameters optimization took 64 rounds (2.185 sec)
Time for fast ML tree search: 3.796 seconds

NOTE: ModelFinder requires 16 MB RAM!
ModelFinder will test up to 484 DNA models (sample size: 210104) ...
 No. Model         -LnL         df  AIC          AICc         BIC
  1  GTR+F         709657.532   31  1419377.065  1419377.074  1419694.981
  2  GTR+F+I       709119.826   32  1418303.652  1418303.662  1418631.823
  3  GTR+F+G4      703893.478   32  1407850.957  1407850.967  1408179.128
  4  GTR+F+I+G4    703893.919   33  1407853.838  1407853.849  1408192.265
  5  GTR+F+R2      700425.079   33  1400916.158  1400916.169  1401254.585
  6  GTR+F+R3      700136.433   35  1400342.865  1400342.877  1400701.803
  7  GTR+F+R4      700076.923   37  1400227.846  1400227.860  1400607.295
  8  GTR+F+R5      699739.771   39  1399557.543  1399557.557  1399957.501
  9  GTR+F+R6      699534.242   41  1399150.485  1399150.501  1399570.955
 10  GTR+F+R7      699526.084   43  1399138.168  1399138.186  1399579.149
 14  GTR+F+I+I+R2  699867.057   34  1399802.114  1399802.125  1400150.796
 15  GTR+F+I+I+R3  699718.514   36  1399509.027  1399509.040  1399878.220
 16  GTR+F+I+I+R4  699536.085   38  1399148.170  1399148.184  1399537.874
WARNING: Log-likelihood -699600 of GTR+F+I+I+R5 worse than GTR+F+I+I+R4 -699536
 17  GTR+F+I+I+R5  699600.143   40  1399280.286  1399280.301  1399690.500
 38  SYM+I+I+R4    699499.621   35  1399069.241  1399069.253  1399428.179
 60  TVM+F+I+I+R4  699556.940   37  1399187.881  1399187.894  1399567.329
 82  TVMe+I+I+R4   699504.731   34  1399077.462  1399077.473  1399426.144
104  TIM3+F+I+I+R4 699540.971   36  1399153.942  1399153.955  1399523.135
126  TIM3e+I+I+R4  699500.310   33  1399066.621  1399066.631  1399405.047
148  TIM2+F+I+I+R4 699538.814   36  1399149.627  1399149.640  1399518.820
170  TIM2e+I+I+R4  699501.140   33  1399068.279  1399068.290  1399406.706
192  TIM+F+I+I+R4  699544.769   36  1399161.538  1399161.550  1399530.731
214  TIMe+I+I+R4   699502.817   33  1399071.635  1399071.646  1399410.062
236  TPM3u+F+I+I+R4 699562.158   35  1399194.317  1399194.329  1399553.254
258  TPM3+I+I+R4   699505.447   32  1399074.895  1399074.905  1399403.066
280  TPM2u+F+I+I+R4 699559.949   35  1399189.898  1399189.910  1399548.836
302  TPM2+I+I+R4   699506.340   32  1399076.679  1399076.689  1399404.851
324  K3Pu+F+I+I+R4 699565.986   35  1399201.972  1399201.984  1399560.910
346  K3P+I+I+R4    699507.979   32  1399079.958  1399079.968  1399408.129
368  TN+F+I+I+R4   699544.802   35  1399159.605  1399159.617  1399518.542
390  TNe+I+I+R4    699502.814   32  1399069.629  1399069.639  1399397.800
412  HKY+F+I+I+R4  699565.984   34  1399199.968  1399199.980  1399548.651
434  K2P+I+I+R4    699507.975   31  1399077.950  1399077.960  1399395.866
456  F81+F+I+I+R4  701031.440   33  1402128.880  1402128.891  1402467.307
478  JC+I+I+R4     700977.360   30  1402014.721  1402014.730  1402322.382
Akaike Information Criterion:           TIM3e+I+I+R4
Corrected Akaike Information Criterion: TIM3e+I+I+R4
Bayesian Information Criterion:         K2P+I+I+R4
Best-fit model: K2P+I+I+R4 chosen according to BIC

All model information printed to pestis-pMT1-all-clustalw-trimal-iqtree.fasta.model.gz
CPU time for ModelFinder: 74.504 seconds (0h:1m:14s)
Wall-clock time for ModelFinder: 74.808 seconds (0h:1m:14s)

NOTE: 6 MB RAM (0 GB) is required!
Estimate model parameters (epsilon = 0.100)
1. Initial log-likelihood: -699507.975
Optimal log-likelihood: -699507.965
Rate parameters:  A-C: 1.00000  A-G: 1.85910  A-T: 1.00000  C-G: 1.00000  C-T: 1.85910  G-T: 1.00000
Base frequencies:  A: 0.250  C: 0.250  G: 0.250  T: 0.250
Proportion of invariable sites: 0.000
Site proportion and rates:  (0.222,0.121) (0.210,0.130) (0.329,0.137) (0.239,3.762)
Parameters optimization took 1 rounds (0.036 sec)
Wrote distance file to... 
Computing ML distances based on estimated model parameters...
Calculating distance matrix: done in 0.000944138 secs using 98.08% CPU
Computing ML distances took 0.001167 sec (of wall-clock time) 0.001139 sec (of CPU time)
WARNING: Some pairwise ML distances are too long (saturated)
Setting up auxiliary I and S matrices: done in 2.19345e-05 secs using 95.74% CPU
Constructing RapidNJ tree: done in 3.8147e-05 secs using 167.8% CPU
Computing RapidNJ tree took 0.000102 sec (of wall-clock time) 0.000144 sec (of CPU time)
Log-likelihood of RapidNJ tree: -699173.819
--------------------------------------------------------------------
|             INITIALIZING CANDIDATE TREE SET                      |
--------------------------------------------------------------------
Generating 98 parsimony trees... 3.112 second
Computing log-likelihood of 97 initial trees ... 0.890 seconds
Current best score: -696822.610

Do NNI search on 20 best initial trees
Optimizing NNI: done in 0.236253 secs using 99.64% CPU
Estimate model parameters (epsilon = 0.100)
BETTER TREE FOUND at iteration 1: -696320.017
Optimizing NNI: done in 0.328382 secs using 99.77% CPU
Optimizing NNI: done in 0.153276 secs using 99.66% CPU
Optimizing NNI: done in 0.194693 secs using 99.71% CPU
Optimizing NNI: done in 0.192583 secs using 99.71% CPU
Optimizing NNI: done in 0.26621 secs using 99.56% CPU
Optimizing NNI: done in 0.215359 secs using 99.72% CPU
Optimizing NNI: done in 0.332785 secs using 99.79% CPU
Optimizing NNI: done in 0.245501 secs using 99.84% CPU
Optimizing NNI: done in 0.250294 secs using 99.58% CPU
Iteration 10 / LogL: -699550.764 / Time: 0h:0m:7s
Optimizing NNI: done in 0.249416 secs using 99.6% CPU
Optimizing NNI: done in 0.194679 secs using 99.38% CPU
Optimizing NNI: done in 0.23232 secs using 99.75% CPU
Optimizing NNI: done in 0.337681 secs using 99.5% CPU
Optimizing NNI: done in 0.246862 secs using 99.47% CPU
Optimizing NNI: done in 0.251461 secs using 99.31% CPU
Optimizing NNI: done in 0.28239 secs using 99.7% CPU
Optimizing NNI: done in 0.263276 secs using 99.54% CPU
Optimizing NNI: done in 0.246811 secs using 99.38% CPU
Optimizing NNI: done in 0.334891 secs using 99.49% CPU
Iteration 20 / LogL: -696320.216 / Time: 0h:0m:9s
Finish initializing candidate tree set (4)
Current best tree score: -696320.017 / CPU time: 9.652
Number of iterations: 20
--------------------------------------------------------------------
|               OPTIMIZING CANDIDATE TREE SET                      |
--------------------------------------------------------------------
Optimizing NNI: done in 0.201573 secs using 99.85% CPU
Optimizing NNI: done in 0.0635481 secs using 99.57% CPU
Optimizing NNI: done in 0.229195 secs using 99.63% CPU
Optimizing NNI: done in 0.361388 secs using 99.49% CPU
Optimizing NNI: done in 0.362287 secs using 99.5% CPU
Optimizing NNI: done in 0.321391 secs using 99.5% CPU
WARNING: NNI search needs unusual large number of steps (13) to converge!
Optimizing NNI: done in 0.206104 secs using 99.35% CPU
Optimizing NNI: done in 0.399295 secs using 99.52% CPU
Optimizing NNI: done in 0.307528 secs using 99.49% CPU
WARNING: NNI search needs unusual large number of steps (13) to converge!
Optimizing NNI: done in 0.397001 secs using 99.61% CPU
WARNING: NNI search needs unusual large number of steps (13) to converge!
Iteration 30 / LogL: -699560.558 / Time: 0h:0m:12s (0h:0m:30s left)
Optimizing NNI: done in 0.264015 secs using 99.54% CPU
Optimizing NNI: done in 0.377714 secs using 99.7% CPU
Optimizing NNI: done in 0.139779 secs using 99.78% CPU
Optimizing NNI: done in 0.174896 secs using 99.61% CPU
Optimizing NNI: done in 0.224858 secs using 99.72% CPU
Optimizing NNI: done in 0.248443 secs using 99.78% CPU
Optimizing NNI: done in 0.204198 secs using 99.67% CPU
Optimizing NNI: done in 0.202029 secs using 99.77% CPU
Optimizing NNI: done in 0.346066 secs using 99.72% CPU
Optimizing NNI: done in 0.28367 secs using 99.32% CPU
Iteration 40 / LogL: -699789.818 / Time: 0h:0m:15s (0h:0m:23s left)
Optimizing NNI: done in 0.178884 secs using 99.63% CPU
Optimizing NNI: done in 0.346561 secs using 99.54% CPU
Optimizing NNI: done in 0.329085 secs using 99.29% CPU
Optimizing NNI: done in 0.247306 secs using 99.53% CPU
Optimizing NNI: done in 0.086498 secs using 99.49% CPU
Optimizing NNI: done in 0.0597849 secs using 99.46% CPU
Optimizing NNI: done in 0.339848 secs using 99.56% CPU
WARNING: NNI search needs unusual large number of steps (13) to converge!
Optimizing NNI: done in 0.302278 secs using 99.5% CPU
WARNING: NNI search needs unusual large number of steps (13) to converge!
Optimizing NNI: done in 0.3099 secs using 99.45% CPU
WARNING: NNI search needs unusual large number of steps (13) to converge!
Optimizing NNI: done in 0.354121 secs using 99.41% CPU
Iteration 50 / LogL: -696320.269 / Time: 0h:0m:17s (0h:0m:18s left)
Optimizing NNI: done in 0.317876 secs using 99.51% CPU
Optimizing NNI: done in 0.148581 secs using 99.29% CPU
UPDATE BEST LOG-LIKELIHOOD: -696320.017
Optimizing NNI: done in 0.280362 secs using 99.65% CPU
Optimizing NNI: done in 0.377112 secs using 99.71% CPU
Optimizing NNI: done in 0.168354 secs using 99.61% CPU
Optimizing NNI: done in 0.0659349 secs using 99.88% CPU
Optimizing NNI: done in 0.312251 secs using 99.76% CPU
WARNING: NNI search needs unusual large number of steps (13) to converge!
Optimizing NNI: done in 0.332645 secs using 99.76% CPU
Optimizing NNI: done in 0.340521 secs using 99.68% CPU
Optimizing NNI: done in 0.148176 secs using 99.83% CPU
Iteration 60 / LogL: -696320.254 / Time: 0h:0m:20s (0h:0m:14s left)
Optimizing NNI: done in 0.161786 secs using 99.85% CPU
Optimizing NNI: done in 0.383459 secs using 99.63% CPU
Optimizing NNI: done in 0.318302 secs using 99.67% CPU
WARNING: NNI search needs unusual large number of steps (13) to converge!
Optimizing NNI: done in 0.350566 secs using 99.8% CPU
Optimizing NNI: done in 0.275357 secs using 99.55% CPU
Optimizing NNI: done in 0.302396 secs using 99.91% CPU
Optimizing NNI: done in 0.334345 secs using 99.13% CPU
Optimizing NNI: done in 0.318171 secs using 99.55% CPU
Optimizing NNI: done in 0.302999 secs using 99.76% CPU
Optimizing NNI: done in 0.344893 secs using 99.42% CPU
WARNING: NNI search needs unusual large number of steps (13) to converge!
Iteration 70 / LogL: -696320.196 / Time: 0h:0m:23s (0h:0m:10s left)
Optimizing NNI: done in 0.213066 secs using 99.4% CPU
Optimizing NNI: done in 0.228974 secs using 99.81% CPU
Optimizing NNI: done in 0.270698 secs using 99.61% CPU
Optimizing NNI: done in 0.377498 secs using 99.86% CPU
Optimizing NNI: done in 0.356234 secs using 99.73% CPU
Optimizing NNI: done in 0.0716381 secs using 99.85% CPU
Optimizing NNI: done in 0.35285 secs using 99.77% CPU
Optimizing NNI: done in 0.059355 secs using 99.8% CPU
Optimizing NNI: done in 0.36669 secs using 99.57% CPU
Optimizing NNI: done in 0.351008 secs using 99.78% CPU
Iteration 80 / LogL: -696320.290 / Time: 0h:0m:25s (0h:0m:6s left)
Optimizing NNI: done in 0.33192 secs using 99.63% CPU
Optimizing NNI: done in 0.302455 secs using 99.58% CPU
Optimizing NNI: done in 0.20845 secs using 99.8% CPU
Optimizing NNI: done in 0.0887702 secs using 99.78% CPU
Optimizing NNI: done in 0.413592 secs using 99.66% CPU
Optimizing NNI: done in 0.0671539 secs using 99.66% CPU
Optimizing NNI: done in 0.320057 secs using 99.63% CPU
Optimizing NNI: done in 0.262664 secs using 99.69% CPU
Optimizing NNI: done in 0.195034 secs using 99.57% CPU
Optimizing NNI: done in 0.347283 secs using 99.58% CPU
Iteration 90 / LogL: -696330.703 / Time: 0h:0m:28s (0h:0m:3s left)
Optimizing NNI: done in 0.0863199 secs using 99.29% CPU
Optimizing NNI: done in 0.292515 secs using 99.43% CPU
WARNING: NNI search needs unusual large number of steps (13) to converge!
Optimizing NNI: done in 0.136954 secs using 99.51% CPU
Optimizing NNI: done in 0.372423 secs using 99.45% CPU
Optimizing NNI: done in 0.346741 secs using 99.52% CPU
Optimizing NNI: done in 0.359934 secs using 99.67% CPU
Optimizing NNI: done in 0.0852258 secs using 99.79% CPU
Optimizing NNI: done in 0.335228 secs using 99.68% CPU
Optimizing NNI: done in 0.274088 secs using 99.73% CPU
Optimizing NNI: done in 0.160012 secs using 99.72% CPU
Iteration 100 / LogL: -696404.638 / Time: 0h:0m:31s (0h:0m:0s left)
Optimizing NNI: done in 0.241399 secs using 99.86% CPU
Optimizing NNI: done in 0.370651 secs using 99.82% CPU
TREE SEARCH COMPLETED AFTER 102 ITERATIONS / Time: 0h:0m:31s

--------------------------------------------------------------------
|                    FINALIZING TREE SEARCH                        |
--------------------------------------------------------------------
Performs final model parameters optimization
Estimate model parameters (epsilon = 0.010)
1. Initial log-likelihood: -696320.017
2. Current log-likelihood: -696319.951
3. Current log-likelihood: -696319.885
4. Current log-likelihood: -696319.821
5. Current log-likelihood: -696319.757
6. Current log-likelihood: -696319.692
7. Current log-likelihood: -696319.628
8. Current log-likelihood: -696319.564
9. Current log-likelihood: -696319.499
10. Current log-likelihood: -696319.435
11. Current log-likelihood: -696319.370
12. Current log-likelihood: -696319.306
13. Current log-likelihood: -696319.241
14. Current log-likelihood: -696319.176
15. Current log-likelihood: -696319.112
16. Current log-likelihood: -696319.047
17. Current log-likelihood: -696318.982
18. Current log-likelihood: -696318.917
19. Current log-likelihood: -696318.852
20. Current log-likelihood: -696318.787
21. Current log-likelihood: -696318.722
22. Current log-likelihood: -696318.657
23. Current log-likelihood: -696318.591
24. Current log-likelihood: -696318.526
25. Current log-likelihood: -696318.461
26. Current log-likelihood: -696318.395
27. Current log-likelihood: -696318.330
28. Current log-likelihood: -696318.264
29. Current log-likelihood: -696318.199
30. Current log-likelihood: -696318.133
31. Current log-likelihood: -696318.067
32. Current log-likelihood: -696318.002
33. Current log-likelihood: -696317.936
34. Current log-likelihood: -696317.870
35. Current log-likelihood: -696317.804
36. Current log-likelihood: -696317.738
37. Current log-likelihood: -696317.672
38. Current log-likelihood: -696317.606
39. Current log-likelihood: -696317.539
40. Current log-likelihood: -696317.473
41. Current log-likelihood: -696317.407
42. Current log-likelihood: -696317.340
43. Current log-likelihood: -696317.274
44. Current log-likelihood: -696317.208
45. Current log-likelihood: -696317.141
46. Current log-likelihood: -696317.074
47. Current log-likelihood: -696317.008
48. Current log-likelihood: -696316.941
49. Current log-likelihood: -696316.874
50. Current log-likelihood: -696316.807
51. Current log-likelihood: -696316.741
52. Current log-likelihood: -696316.674
53. Current log-likelihood: -696316.607
54. Current log-likelihood: -696316.540
55. Current log-likelihood: -696316.472
56. Current log-likelihood: -696316.405
57. Current log-likelihood: -696316.338
58. Current log-likelihood: -696316.271
59. Current log-likelihood: -696316.203
60. Current log-likelihood: -696316.136
61. Current log-likelihood: -696316.068
62. Current log-likelihood: -696316.001
63. Current log-likelihood: -696315.933
64. Current log-likelihood: -696315.866
65. Current log-likelihood: -696315.798
66. Current log-likelihood: -696315.730
67. Current log-likelihood: -696315.662
68. Current log-likelihood: -696315.595
69. Current log-likelihood: -696315.527
70. Current log-likelihood: -696315.459
71. Current log-likelihood: -696315.391
72. Current log-likelihood: -696315.323
73. Current log-likelihood: -696315.254
74. Current log-likelihood: -696315.186
75. Current log-likelihood: -696315.118
76. Current log-likelihood: -696315.050
77. Current log-likelihood: -696314.981
78. Current log-likelihood: -696314.913
79. Current log-likelihood: -696314.844
80. Current log-likelihood: -696314.776
81. Current log-likelihood: -696314.707
82. Current log-likelihood: -696314.639
83. Current log-likelihood: -696314.570
84. Current log-likelihood: -696314.501
85. Current log-likelihood: -696314.432
86. Current log-likelihood: -696314.364
87. Current log-likelihood: -696314.295
88. Current log-likelihood: -696314.226
89. Current log-likelihood: -696314.157
90. Current log-likelihood: -696314.088
91. Current log-likelihood: -696314.019
92. Current log-likelihood: -696313.949
93. Current log-likelihood: -696313.880
94. Current log-likelihood: -696313.811
95. Current log-likelihood: -696313.741
96. Current log-likelihood: -696313.672
97. Current log-likelihood: -696313.603
98. Current log-likelihood: -696313.533
99. Current log-likelihood: -696313.464
Optimal log-likelihood: -696313.464
Rate parameters:  A-C: 1.00000  A-G: 1.79929  A-T: 1.00000  C-G: 1.00000  C-T: 1.79929  G-T: 1.00000
Base frequencies:  A: 0.250  C: 0.250  G: 0.250  T: 0.250
Proportion of invariable sites: 0.000
Site proportion and rates:  (0.273,0.134) (0.220,0.144) (0.295,0.151) (0.212,4.182)
Parameters optimization took 99 rounds (7.458 sec)
BEST SCORE FOUND : -696313.464
Total tree length: 8.512

Total number of iterations: 102
CPU time used for tree search: 31.503 sec (0h:0m:31s)
Wall-clock time used for tree search: 31.504 sec (0h:0m:31s)
Total CPU time used: 39.105 sec (0h:0m:39s)
Total wall-clock time used: 39.079 sec (0h:0m:39s)

Analysis results written to: 
  IQ-TREE report:                pestis-pMT1-all-clustalw-trimal-iqtree.fasta.iqtree
  Maximum-likelihood tree:       pestis-pMT1-all-clustalw-trimal-iqtree.fasta.treefile
  Likelihood distances:          pestis-pMT1-all-clustalw-trimal-iqtree.fasta.mldist
  Screen log file:               pestis-pMT1-all-clustalw-trimal-iqtree.fasta.log

ALISIM COMMAND
--------------
--alisim simulated_MSA -t pestis-pMT1-all-clustalw-trimal-iqtree.fasta.treefile -m "K2P{1.79929}+FQ+I{0.000101686}+R4{0.272851,0.133784,0.219942,0.143957,0.294965,0.151207,0.212145,4.18221}" --length 210104

Date and Time: Thu Mar 30 01:11:41 2023
