
RAxML-NG v. 1.1.0 released on 29.11.2021 by The Exelixis Lab.
Developed by: Alexey M. Kozlov and Alexandros Stamatakis.
Contributors: Diego Darriba, Tomas Flouri, Benoit Morel, Sarah Lutteropp, Ben Bettisworth.
Latest version: https://github.com/amkozlov/raxml-ng
Questions/problems/suggestions? Please visit: https://groups.google.com/forum/#!forum/raxml

System: Apple M1, 8 cores, 8 GB RAM

RAxML-NG was called at 30-Mar-2023 01:06:23 as follows:

./raxml-ng --msa pestis-pMT1-all-clustalw-trimal-raxml.fasta.raxml.reduced.phy --model GTR+G --prefix T6 --threads 2 --search autoMRE=0.01

Analysis options:
  run mode: ML tree search
  start tree(s): random (10) + parsimony (10)
  random seed: 1680156383
  tip-inner: OFF
  pattern compression: ON
  per-rate scalers: OFF
  site repeats: ON
  fast spr radius: AUTO
  spr subtree cutoff: 1.000000
  branch lengths: proportional (ML estimate, algorithm: NR-FAST)
  SIMD kernels: SSE3
  parallelization: coarse-grained (auto), PTHREADS (2 threads), thread pinning: OFF

[00:00:00] Reading alignment from file: pestis-pMT1-all-clustalw-trimal-raxml.fasta.raxml.reduced.phy
[00:00:00] Loaded alignment with 13 taxa and 210104 sites

Alignment comprises 1 partitions and 4025 patterns

Partition 0: noname
Model: GTR+FO+G4m
Alignment sites / patterns: 210104 / 4025
Gaps: 50.32 %
Invariant sites: 45.83 %


NOTE: Binary MSA file created: T6.raxml.rba

Parallelization scheme autoconfig: 1 worker(s) x 2 thread(s)

Parallel reduction/worker buffer size: 1 KB  / 0 KB

[00:00:00] Generating 10 random starting tree(s) with 13 taxa
[00:00:00] Generating 10 parsimony starting tree(s) with 13 taxa
[00:00:00] Data distribution: max. partitions/sites/weight per thread: 1 / 2013 / 32208
[00:00:00] Data distribution: max. searches per worker: 20

Starting ML tree search with 20 distinct starting trees

[00:00:00 -1229331.666119] Initial branch length optimization
[00:00:00 -984722.983824] Model parameter optimization (eps = 10.000000)
[00:00:00 -925136.519319] AUTODETECT spr round 1 (radius: 5)
[00:00:00 -750964.627178] AUTODETECT spr round 2 (radius: 10)
[00:00:00 -750964.610422] SPR radius for FAST iterations: 5 (autodetect)
[00:00:00 -750964.610422] Model parameter optimization (eps = 3.000000)
[00:00:01 -745218.901328] FAST spr round 1 (radius: 5)
[00:00:01 -709187.598108] FAST spr round 2 (radius: 5)
[00:00:02 -709066.873535] FAST spr round 3 (radius: 5)
[00:00:02 -706584.276952] FAST spr round 4 (radius: 5)
[00:00:02 -706580.877550] FAST spr round 5 (radius: 5)
[00:00:02 -706580.874204] Model parameter optimization (eps = 1.000000)
[00:00:03 -700677.009494] SLOW spr round 1 (radius: 5)
[00:00:04 -700677.003155] SLOW spr round 2 (radius: 10)
[00:00:05 -700677.002936] Model parameter optimization (eps = 0.100000)

[00:00:05] ML tree search #1, logLikelihood: -700676.999447

[00:00:05 -1203716.703698] Initial branch length optimization
[00:00:05 -980918.593230] Model parameter optimization (eps = 10.000000)
[00:00:05 -923847.507889] AUTODETECT spr round 1 (radius: 5)
[00:00:05 -705832.471169] AUTODETECT spr round 2 (radius: 10)
[00:00:05 -705832.462610] SPR radius for FAST iterations: 5 (autodetect)
[00:00:05 -705832.462610] Model parameter optimization (eps = 3.000000)
[00:00:05 -703495.539197] FAST spr round 1 (radius: 5)
[00:00:06 -703201.905604] FAST spr round 2 (radius: 5)
[00:00:06 -703199.230529] FAST spr round 3 (radius: 5)
[00:00:06 -703199.230436] Model parameter optimization (eps = 1.000000)
[00:00:06 -703198.674825] SLOW spr round 1 (radius: 5)
[00:00:08 -701569.557386] SLOW spr round 2 (radius: 5)
[00:00:09 -700679.340292] SLOW spr round 3 (radius: 5)
[00:00:09 -700679.340074] SLOW spr round 4 (radius: 10)
[00:00:10 -700679.340052] Model parameter optimization (eps = 0.100000)

[00:00:10] ML tree search #2, logLikelihood: -700677.001392

[00:00:10 -1156722.557827] Initial branch length optimization
[00:00:10 -946167.291221] Model parameter optimization (eps = 10.000000)
[00:00:11 -904629.270397] AUTODETECT spr round 1 (radius: 5)
[00:00:11 -748497.354327] AUTODETECT spr round 2 (radius: 10)
[00:00:11 -748497.333255] SPR radius for FAST iterations: 5 (autodetect)
[00:00:11 -748497.333255] Model parameter optimization (eps = 3.000000)
[00:00:11 -742539.477407] FAST spr round 1 (radius: 5)
[00:00:11 -706587.460740] FAST spr round 2 (radius: 5)
[00:00:11 -706587.426999] Model parameter optimization (eps = 1.000000)
[00:00:12 -700677.022652] SLOW spr round 1 (radius: 5)
[00:00:13 -700677.001593] SLOW spr round 2 (radius: 10)
[00:00:13 -700677.001427] Model parameter optimization (eps = 0.100000)

[00:00:13] ML tree search #3, logLikelihood: -700676.998043

[00:00:14 -1206581.170774] Initial branch length optimization
[00:00:14 -984573.699857] Model parameter optimization (eps = 10.000000)
[00:00:14 -925137.764132] AUTODETECT spr round 1 (radius: 5)
[00:00:14 -826297.867048] AUTODETECT spr round 2 (radius: 10)
[00:00:14 -826297.845328] SPR radius for FAST iterations: 5 (autodetect)
[00:00:14 -826297.845328] Model parameter optimization (eps = 3.000000)
[00:00:14 -823182.159544] FAST spr round 1 (radius: 5)
[00:00:15 -704646.015276] FAST spr round 2 (radius: 5)
[00:00:15 -704645.967001] Model parameter optimization (eps = 1.000000)
[00:00:15 -700677.003399] SLOW spr round 1 (radius: 5)
[00:00:17 -700676.996374] SLOW spr round 2 (radius: 10)
[00:00:17 -700676.996012] Model parameter optimization (eps = 0.100000)

[00:00:17] ML tree search #4, logLikelihood: -700676.993779

[00:00:17 -1097115.688212] Initial branch length optimization
[00:00:17 -894761.664364] Model parameter optimization (eps = 10.000000)
[00:00:18 -858106.126338] AUTODETECT spr round 1 (radius: 5)
[00:00:18 -751695.472828] AUTODETECT spr round 2 (radius: 10)
[00:00:18 -751695.444352] SPR radius for FAST iterations: 5 (autodetect)
[00:00:18 -751695.444352] Model parameter optimization (eps = 3.000000)
[00:00:18 -745125.778132] FAST spr round 1 (radius: 5)
[00:00:19 -711689.018866] FAST spr round 2 (radius: 5)
[00:00:19 -709264.263192] FAST spr round 3 (radius: 5)
[00:00:20 -709264.005170] FAST spr round 4 (radius: 5)
[00:00:20 -709264.002560] Model parameter optimization (eps = 1.000000)
[00:00:20 -700677.026168] SLOW spr round 1 (radius: 5)
[00:00:21 -700677.019159] SLOW spr round 2 (radius: 10)
[00:00:22 -700677.018933] Model parameter optimization (eps = 0.100000)

[00:00:22] ML tree search #5, logLikelihood: -700677.008607

[00:00:22 -1186843.584938] Initial branch length optimization
[00:00:22 -977926.750127] Model parameter optimization (eps = 10.000000)
[00:00:22 -923357.702908] AUTODETECT spr round 1 (radius: 5)
[00:00:22 -749779.274842] AUTODETECT spr round 2 (radius: 10)
[00:00:22 -749779.263261] SPR radius for FAST iterations: 5 (autodetect)
[00:00:22 -749779.263261] Model parameter optimization (eps = 3.000000)
[00:00:23 -743514.870114] FAST spr round 1 (radius: 5)
[00:00:23 -708081.023736] FAST spr round 2 (radius: 5)
[00:00:24 -706750.582787] FAST spr round 3 (radius: 5)
[00:00:24 -706747.204759] FAST spr round 4 (radius: 5)
[00:00:24 -706747.204709] Model parameter optimization (eps = 1.000000)
[00:00:24 -700677.011852] SLOW spr round 1 (radius: 5)
[00:00:26 -700677.005897] SLOW spr round 2 (radius: 10)
[00:00:26 -700677.005729] Model parameter optimization (eps = 0.100000)

[00:00:26] ML tree search #6, logLikelihood: -700677.001530

[00:00:26 -1157028.921239] Initial branch length optimization
[00:00:26 -919036.159076] Model parameter optimization (eps = 10.000000)
[00:00:27 -872590.686903] AUTODETECT spr round 1 (radius: 5)
[00:00:27 -748720.029636] AUTODETECT spr round 2 (radius: 10)
[00:00:27 -748720.025826] SPR radius for FAST iterations: 5 (autodetect)
[00:00:27 -748720.025826] Model parameter optimization (eps = 3.000000)
[00:00:27 -742545.173986] FAST spr round 1 (radius: 5)
[00:00:28 -706592.679143] FAST spr round 2 (radius: 5)
[00:00:28 -706586.757988] FAST spr round 3 (radius: 5)
[00:00:28 -706586.757689] Model parameter optimization (eps = 1.000000)
[00:00:29 -700677.010759] SLOW spr round 1 (radius: 5)
[00:00:30 -700677.004134] SLOW spr round 2 (radius: 10)
[00:00:31 -700677.003940] Model parameter optimization (eps = 0.100000)

[00:00:31] ML tree search #7, logLikelihood: -700677.000230

[00:00:31 -1176084.567861] Initial branch length optimization
[00:00:31 -975734.129376] Model parameter optimization (eps = 10.000000)
[00:00:31 -923912.757234] AUTODETECT spr round 1 (radius: 5)
[00:00:31 -756646.234135] AUTODETECT spr round 2 (radius: 10)
[00:00:31 -756646.197826] SPR radius for FAST iterations: 5 (autodetect)
[00:00:31 -756646.197826] Model parameter optimization (eps = 3.000000)
[00:00:31 -750842.042752] FAST spr round 1 (radius: 5)
[00:00:32 -750842.009000] Model parameter optimization (eps = 1.000000)
[00:00:32 -750842.005749] SLOW spr round 1 (radius: 5)
[00:00:33 -708855.990059] SLOW spr round 2 (radius: 5)
[00:00:35 -708855.972634] SLOW spr round 3 (radius: 10)
[00:00:35 -708855.972461] Model parameter optimization (eps = 0.100000)

[00:00:35] ML tree search #8, logLikelihood: -700677.006147

[00:00:35 -1172454.460831] Initial branch length optimization
[00:00:35 -966116.596982] Model parameter optimization (eps = 10.000000)
[00:00:36 -909944.570650] AUTODETECT spr round 1 (radius: 5)
[00:00:36 -704904.097526] AUTODETECT spr round 2 (radius: 10)
[00:00:36 -704904.088153] SPR radius for FAST iterations: 5 (autodetect)
[00:00:36 -704904.088153] Model parameter optimization (eps = 3.000000)
[00:00:36 -703386.761294] FAST spr round 1 (radius: 5)
[00:00:36 -700704.985937] FAST spr round 2 (radius: 5)
[00:00:37 -700703.378723] FAST spr round 3 (radius: 5)
[00:00:37 -700703.378635] Model parameter optimization (eps = 1.000000)
[00:00:37 -700677.002761] SLOW spr round 1 (radius: 5)
[00:00:38 -700677.000142] SLOW spr round 2 (radius: 10)
[00:00:39 -700677.000054] Model parameter optimization (eps = 0.100000)

[00:00:39] ML tree search #9, logLikelihood: -700676.994410

[00:00:39 -1047435.905152] Initial branch length optimization
[00:00:39 -894749.462934] Model parameter optimization (eps = 10.000000)
[00:00:39 -857284.211357] AUTODETECT spr round 1 (radius: 5)
[00:00:39 -705828.318573] AUTODETECT spr round 2 (radius: 10)
[00:00:39 -705828.301684] SPR radius for FAST iterations: 5 (autodetect)
[00:00:39 -705828.301684] Model parameter optimization (eps = 3.000000)
[00:00:39 -703199.478920] FAST spr round 1 (radius: 5)
[00:00:40 -703198.726019] FAST spr round 2 (radius: 5)
[00:00:40 -703198.699509] Model parameter optimization (eps = 1.000000)
[00:00:40 -703198.675171] SLOW spr round 1 (radius: 5)
[00:00:41 -701569.458918] SLOW spr round 2 (radius: 5)
[00:00:42 -700679.340915] SLOW spr round 3 (radius: 5)
[00:00:43 -700679.335460] SLOW spr round 4 (radius: 10)
[00:00:44 -700679.335344] Model parameter optimization (eps = 0.100000)

[00:00:44] ML tree search #10, logLikelihood: -700677.001812

[00:00:44 -883638.072560] Initial branch length optimization
[00:00:44 -706587.027078] Model parameter optimization (eps = 10.000000)
[00:00:44 -703253.711901] AUTODETECT spr round 1 (radius: 5)
[00:00:45 -703252.225657] AUTODETECT spr round 2 (radius: 10)
[00:00:45 -703252.211498] SPR radius for FAST iterations: 5 (autodetect)
[00:00:45 -703252.211498] Model parameter optimization (eps = 3.000000)
[00:00:45 -703198.810566] FAST spr round 1 (radius: 5)
[00:00:45 -703198.691731] FAST spr round 2 (radius: 5)
[00:00:45 -703198.688275] Model parameter optimization (eps = 1.000000)
[00:00:45 -703198.670066] SLOW spr round 1 (radius: 5)
[00:00:47 -700680.665277] SLOW spr round 2 (radius: 5)
[00:00:48 -700678.992380] SLOW spr round 3 (radius: 5)
[00:00:49 -700678.992298] SLOW spr round 4 (radius: 10)
[00:00:49 -700678.992217] Model parameter optimization (eps = 0.100000)

[00:00:49] ML tree search #11, logLikelihood: -700677.000292

[00:00:49 -879467.777822] Initial branch length optimization
[00:00:49 -706557.323173] Model parameter optimization (eps = 10.000000)
[00:00:50 -703255.717693] AUTODETECT spr round 1 (radius: 5)
[00:00:50 -703251.326534] AUTODETECT spr round 2 (radius: 10)
[00:00:50 -703251.324528] SPR radius for FAST iterations: 5 (autodetect)
[00:00:50 -703251.324528] Model parameter optimization (eps = 3.000000)
[00:00:51 -703198.816471] FAST spr round 1 (radius: 5)
[00:00:51 -703198.692775] FAST spr round 2 (radius: 5)
[00:00:51 -703198.692678] Model parameter optimization (eps = 1.000000)
[00:00:51 -703198.671517] SLOW spr round 1 (radius: 5)
[00:00:53 -700680.645659] SLOW spr round 2 (radius: 5)
[00:00:54 -700678.963776] SLOW spr round 3 (radius: 5)
[00:00:55 -700678.963775] SLOW spr round 4 (radius: 10)
[00:00:56 -700678.963775] Model parameter optimization (eps = 0.100000)

[00:00:56] ML tree search #12, logLikelihood: -700677.000009

[00:00:56 -885564.101140] Initial branch length optimization
[00:00:56 -706847.269318] Model parameter optimization (eps = 10.000000)
[00:00:56 -703682.538013] AUTODETECT spr round 1 (radius: 5)
[00:00:56 -700715.748482] AUTODETECT spr round 2 (radius: 10)
[00:00:56 -700715.733507] SPR radius for FAST iterations: 5 (autodetect)
[00:00:56 -700715.733507] Model parameter optimization (eps = 3.000000)
[00:00:57 -700688.552303] FAST spr round 1 (radius: 5)
[00:00:57 -700688.458096] Model parameter optimization (eps = 1.000000)
[00:00:57 -700677.001891] SLOW spr round 1 (radius: 5)
[00:00:58 -700677.001823] SLOW spr round 2 (radius: 10)
[00:00:59 -700677.001822] Model parameter optimization (eps = 0.100000)

[00:00:59] ML tree search #13, logLikelihood: -700676.998788

[00:00:59 -876282.669943] Initial branch length optimization
[00:00:59 -706501.511870] Model parameter optimization (eps = 10.000000)
[00:01:00 -703251.828921] AUTODETECT spr round 1 (radius: 5)
[00:01:00 -703248.495609] AUTODETECT spr round 2 (radius: 10)
[00:01:00 -703248.490304] SPR radius for FAST iterations: 5 (autodetect)
[00:01:00 -703248.490304] Model parameter optimization (eps = 3.000000)
[00:01:00 -703198.757027] FAST spr round 1 (radius: 5)
[00:01:00 -703198.690030] Model parameter optimization (eps = 1.000000)
[00:01:01 -703198.672960] SLOW spr round 1 (radius: 5)
[00:01:02 -700679.208339] SLOW spr round 2 (radius: 5)
[00:01:03 -700679.190922] SLOW spr round 3 (radius: 10)
[00:01:03 -700679.190643] Model parameter optimization (eps = 0.100000)

[00:01:03] ML tree search #14, logLikelihood: -700677.001842

[00:01:03 -889185.758069] Initial branch length optimization
[00:01:03 -706592.137938] Model parameter optimization (eps = 10.000000)
[00:01:04 -703253.855934] AUTODETECT spr round 1 (radius: 5)
[00:01:04 -703250.635072] AUTODETECT spr round 2 (radius: 10)
[00:01:04 -703250.631461] SPR radius for FAST iterations: 5 (autodetect)
[00:01:04 -703250.631461] Model parameter optimization (eps = 3.000000)
[00:01:04 -703198.828053] FAST spr round 1 (radius: 5)
[00:01:05 -703198.680982] FAST spr round 2 (radius: 5)
[00:01:05 -703198.679663] Model parameter optimization (eps = 1.000000)
[00:01:05 -703198.673969] SLOW spr round 1 (radius: 5)
[00:01:06 -700680.491036] SLOW spr round 2 (radius: 5)
[00:01:08 -700678.977303] SLOW spr round 3 (radius: 5)
[00:01:08 -700678.977057] SLOW spr round 4 (radius: 10)
[00:01:09 -700678.977031] Model parameter optimization (eps = 0.100000)

[00:01:09] ML tree search #15, logLikelihood: -700676.999813

[00:01:09 -877797.796449] Initial branch length optimization
[00:01:09 -706549.164153] Model parameter optimization (eps = 10.000000)
[00:01:10 -703253.486324] AUTODETECT spr round 1 (radius: 5)
[00:01:10 -703252.668900] AUTODETECT spr round 2 (radius: 10)
[00:01:10 -703252.656577] SPR radius for FAST iterations: 5 (autodetect)
[00:01:10 -703252.656577] Model parameter optimization (eps = 3.000000)
[00:01:10 -703198.747330] FAST spr round 1 (radius: 5)
[00:01:10 -703198.698365] Model parameter optimization (eps = 1.000000)
[00:01:10 -703198.665552] SLOW spr round 1 (radius: 5)
[00:01:12 -700680.712491] SLOW spr round 2 (radius: 5)
[00:01:13 -700679.123087] SLOW spr round 3 (radius: 5)
[00:01:14 -700679.122756] SLOW spr round 4 (radius: 10)
[00:01:14 -700679.122649] Model parameter optimization (eps = 0.100000)

[00:01:14] ML tree search #16, logLikelihood: -700677.001597

[00:01:15 -876282.669943] Initial branch length optimization
[00:01:15 -706501.373466] Model parameter optimization (eps = 10.000000)
[00:01:16 -703251.314528] AUTODETECT spr round 1 (radius: 5)
[00:01:16 -703248.121178] AUTODETECT spr round 2 (radius: 10)
[00:01:16 -703248.117638] SPR radius for FAST iterations: 5 (autodetect)
[00:01:16 -703248.117638] Model parameter optimization (eps = 3.000000)
[00:01:16 -703198.748997] FAST spr round 1 (radius: 5)
[00:01:16 -703198.684986] Model parameter optimization (eps = 1.000000)
[00:01:16 -703198.669488] SLOW spr round 1 (radius: 5)
[00:01:18 -700680.892296] SLOW spr round 2 (radius: 5)
[00:01:19 -700679.202804] SLOW spr round 3 (radius: 5)
[00:01:19 -700679.202781] SLOW spr round 4 (radius: 10)
[00:01:20 -700679.202779] Model parameter optimization (eps = 0.100000)

[00:01:20] ML tree search #17, logLikelihood: -700677.000842

[00:01:20 -879558.575783] Initial branch length optimization
[00:01:20 -706827.645525] Model parameter optimization (eps = 10.000000)
[00:01:21 -703686.326239] AUTODETECT spr round 1 (radius: 5)
[00:01:21 -700717.994530] AUTODETECT spr round 2 (radius: 10)
[00:01:21 -700717.961918] SPR radius for FAST iterations: 5 (autodetect)
[00:01:21 -700717.961918] Model parameter optimization (eps = 3.000000)
[00:01:21 -700686.989874] FAST spr round 1 (radius: 5)
[00:01:21 -700686.903822] Model parameter optimization (eps = 1.000000)
[00:01:21 -700677.004435] SLOW spr round 1 (radius: 5)
[00:01:23 -700677.003318] SLOW spr round 2 (radius: 10)
[00:01:23 -700677.003233] Model parameter optimization (eps = 0.100000)

[00:01:23] ML tree search #18, logLikelihood: -700677.002223

[00:01:23 -874485.131770] Initial branch length optimization
[00:01:23 -706508.871891] Model parameter optimization (eps = 10.000000)
[00:01:24 -703258.728414] AUTODETECT spr round 1 (radius: 5)
[00:01:24 -703248.976149] AUTODETECT spr round 2 (radius: 10)
[00:01:24 -703248.970974] SPR radius for FAST iterations: 5 (autodetect)
[00:01:24 -703248.970974] Model parameter optimization (eps = 3.000000)
[00:01:25 -703199.214980] FAST spr round 1 (radius: 5)
[00:01:25 -703198.689827] FAST spr round 2 (radius: 5)
[00:01:25 -703198.687052] Model parameter optimization (eps = 1.000000)
[00:01:25 -703198.670531] SLOW spr round 1 (radius: 5)
[00:01:27 -700680.856024] SLOW spr round 2 (radius: 5)
[00:01:28 -700679.171124] SLOW spr round 3 (radius: 5)
[00:01:29 -700679.171124] SLOW spr round 4 (radius: 10)
[00:01:29 -700679.171124] Model parameter optimization (eps = 0.100000)

[00:01:29] ML tree search #19, logLikelihood: -700677.001604

[00:01:29 -880418.739051] Initial branch length optimization
[00:01:29 -706525.061450] Model parameter optimization (eps = 10.000000)
[00:01:30 -703249.212991] AUTODETECT spr round 1 (radius: 5)
[00:01:30 -703245.770532] AUTODETECT spr round 2 (radius: 10)
[00:01:30 -703245.768244] SPR radius for FAST iterations: 5 (autodetect)
[00:01:30 -703245.768244] Model parameter optimization (eps = 3.000000)
[00:01:30 -703198.701634] FAST spr round 1 (radius: 5)
[00:01:30 -703198.676958] Model parameter optimization (eps = 1.000000)
[00:01:31 -703198.671206] SLOW spr round 1 (radius: 5)
[00:01:32 -700680.793042] SLOW spr round 2 (radius: 5)
[00:01:33 -700680.707164] SLOW spr round 3 (radius: 10)
[00:01:33 -700680.705564] Model parameter optimization (eps = 0.100000)

[00:01:33] ML tree search #20, logLikelihood: -700678.492624


Optimized model parameters:

   Partition 0: noname
   Rate heterogeneity: GAMMA (4 cats, mean),  alpha: 0.279605 (ML),  weights&rates: (0.250000,0.003787) (0.250000,0.088756) (0.250000,0.559908) (0.250000,3.347549) 
   Base frequencies (ML): 0.246975 0.250957 0.251020 0.251049 
   Substitution rates (ML): 0.993029 2.124954 0.968101 0.974186 1.825398 1.000000 


Final LogLikelihood: -700676.993779

AIC score: 1401417.987557 / AICc score: 1401417.997611 / BIC score: 1401746.159011
Free parameters (model + branch lengths): 32

WARNING: Best ML tree contains 2 near-zero branches!

Best ML tree with collapsed near-zero branches saved to: /Users/rajvipatel/phylogenetics-final/data/raxml-ng_v1.1.0_macos_x86_64/T6.raxml.bestTreeCollapsed
Best ML tree saved to: /Users/rajvipatel/phylogenetics-final/data/raxml-ng_v1.1.0_macos_x86_64/T6.raxml.bestTree
All ML trees saved to: /Users/rajvipatel/phylogenetics-final/data/raxml-ng_v1.1.0_macos_x86_64/T6.raxml.mlTrees
Optimized model saved to: /Users/rajvipatel/phylogenetics-final/data/raxml-ng_v1.1.0_macos_x86_64/T6.raxml.bestModel

Execution log saved to: /Users/rajvipatel/phylogenetics-final/data/raxml-ng_v1.1.0_macos_x86_64/T6.raxml.log

Analysis started: 30-Mar-2023 01:06:23 / finished: 30-Mar-2023 01:07:57

Elapsed time: 93.824 seconds

